-------------------------------------------------------------------------------
Test set: cooccon.spring.security.JWTAuthenticationFilterTest
-------------------------------------------------------------------------------
Tests run: 4, Failures: 1, Errors: 0, Skipped: 0, Time elapsed: 1.422 s <<< FAILURE! -- in cooccon.spring.security.JWTAuthenticationFilterTest
cooccon.spring.security.JWTAuthenticationFilterTest.testAttemptAuthentication_Success -- Time elapsed: 1.384 s <<< FAILURE!
org.opentest4j.AssertionFailedError: expected: <true> but was: <false>
	at org.junit.jupiter.api.AssertionFailureBuilder.build(AssertionFailureBuilder.java:158)
	at org.junit.jupiter.api.AssertionFailureBuilder.buildAndThrow(AssertionFailureBuilder.java:139)
	at org.junit.jupiter.api.AssertTrue.failNotTrue(AssertTrue.java:69)
	at org.junit.jupiter.api.AssertTrue.assertTrue(AssertTrue.java:41)
	at org.junit.jupiter.api.AssertTrue.assertTrue(AssertTrue.java:35)
	at org.junit.jupiter.api.Assertions.assertTrue(Assertions.java:195)
	at cooccon.spring.security.JWTAuthenticationFilterTest.testAttemptAuthentication_Success(JWTAuthenticationFilterTest.java:91)

