<?xml version="1.0" encoding="UTF-8"?>
<testsuite xmlns:xsi="http://www.w3.org/2001/XMLSchema-instance" xsi:noNamespaceSchemaLocation="https://maven.apache.org/surefire/maven-surefire-plugin/xsd/surefire-test-report.xsd" version="3.0.2" name="cooccon.spring.InmobiTestApplicationTests" time="23.539" tests="1" errors="0" skipped="0" failures="0">
  <properties>
[...]
</properties>
  <testcase name="contextLoads" classname="cooccon.spring.InmobiTestApplicationTests" time="0.062">
    <system-out><![CDATA[08:27:25.686 [main] INFO org.springframework.test.context.support.AnnotationConfigContextLoaderUtils -- Could not detect default configuration classes for test class [cooccon.spring.InmobiTestApplicationTests]: InmobiTestApplicationTests does not declare any static, non-private, non-final, nested classes annotated with @Configuration.
08:27:26.311 [main] INFO org.springframework.boot.test.context.SpringBootTestContextBootstrapper -- Found @SpringBootConfiguration cooccon.spring.InmobiTestApplication for test class cooccon.spring.InmobiTestApplicationTests

  .   ____          _            __ _ _
 /\\ / ___'_ __ _ _(_)_ __  __ _ \ \ \ \
( ( )\___ | '_ | '_| | '_ \/ _` | \ \ \ \
 \\/  ___)| |_)| | | | | || (_| |  ) ) ) )
  '  |____| .__|_| |_|_| |_\__, | / / / /
 =========|_|==============|___/=/_/_/_/

 :: Spring Boot ::                (v4.0.0)

2026-04-03T08:27:28.594+07:00  INFO 7920 --- [inmobi_test] [           main] c.spring.InmobiTestApplicationTests      : Starting InmobiTestApplicationTests using Java 21.0.8 with PID 7920 (started by ADMIN in D:\My_Project_Spring\inmobi_test)
2026-04-03T08:27:28.612+07:00  INFO 7920 --- [inmobi_test] [           main] c.spring.InmobiTestApplicationTests      : No active profile set, falling back to 1 default profile: "default"
2026-04-03T08:27:31.417+07:00  INFO 7920 --- [inmobi_test] [           main] .s.d.r.c.RepositoryConfigurationDelegate : Multiple Spring Data modules found, entering strict repository configuration mode
2026-04-03T08:27:31.420+07:00  INFO 7920 --- [inmobi_test] [           main] .s.d.r.c.RepositoryConfigurationDelegate : Bootstrapping Spring Data JPA repositories in DEFAULT mode.
2026-04-03T08:27:31.898+07:00  INFO 7920 --- [inmobi_test] [           main] .s.d.r.c.RepositoryConfigurationDelegate : Finished Spring Data repository scanning in 450 ms. Found 1 JPA repository interface.
2026-04-03T08:27:32.158+07:00  INFO 7920 --- [inmobi_test] [           main] .s.d.r.c.RepositoryConfigurationDelegate : Multiple Spring Data modules found, entering strict repository configuration mode
2026-04-03T08:27:32.167+07:00  INFO 7920 --- [inmobi_test] [           main] .s.d.r.c.RepositoryConfigurationDelegate : Bootstrapping Spring Data Redis repositories in DEFAULT mode.
2026-04-03T08:27:32.257+07:00  INFO 7920 --- [inmobi_test] [           main] .RepositoryConfigurationExtensionSupport : Spring Data Redis - Could not safely identify store assignment for repository candidate interface cooccon.spring.repository.UserRepository; If you want this repository to be a Redis repository, consider annotating your entities with one of these annotations: org.springframework.data.redis.core.RedisHash (preferred), or consider extending one of the following types with your repository: org.springframework.data.keyvalue.repository.KeyValueRepository
2026-04-03T08:27:32.257+07:00  INFO 7920 --- [inmobi_test] [           main] .s.d.r.c.RepositoryConfigurationDelegate : Finished Spring Data repository scanning in 17 ms. Found 0 Redis repository interfaces.
2026-04-03T08:27:34.107+07:00  INFO 7920 --- [inmobi_test] [           main] o.hibernate.jpa.internal.util.LogHelper  : HHH000204: Processing PersistenceUnitInfo [name: default]
2026-04-03T08:27:34.333+07:00  INFO 7920 --- [inmobi_test] [           main] org.hibernate.Version                    : HHH000412: Hibernate ORM core version 7.1.8.Final
2026-04-03T08:27:35.408+07:00  INFO 7920 --- [inmobi_test] [           main] o.s.o.j.p.SpringPersistenceUnitInfo      : No LoadTimeWeaver setup: ignoring JPA class transformer
2026-04-03T08:27:35.552+07:00  INFO 7920 --- [inmobi_test] [           main] com.zaxxer.hikari.HikariDataSource       : HikariPool-1 - Starting...
2026-04-03T08:27:36.063+07:00  INFO 7920 --- [inmobi_test] [           main] com.zaxxer.hikari.pool.HikariPool        : HikariPool-1 - Added connection conn0: url=jdbc:h2:mem:inmobi_test user=SA
2026-04-03T08:27:36.066+07:00  INFO 7920 --- [inmobi_test] [           main] com.zaxxer.hikari.HikariDataSource       : HikariPool-1 - Start completed.
2026-04-03T08:27:36.232+07:00  INFO 7920 --- [inmobi_test] [           main] org.hibernate.orm.connections.pooling    : HHH10001005: Database info:
	Database JDBC URL [jdbc:h2:mem:inmobi_test]
	Database driver: H2 JDBC Driver
	Database dialect: H2Dialect
	Database version: 2.4.240
	Default catalog/schema: INMOBI_TEST/PUBLIC
	Autocommit mode: undefined/unknown
	Isolation level: READ_COMMITTED [default READ_COMMITTED]
	JDBC fetch size: 100
	Pool: DatasourceConnectionProviderImpl
	Minimum pool size: undefined/unknown
	Maximum pool size: undefined/unknown
2026-04-03T08:27:38.785+07:00  INFO 7920 --- [inmobi_test] [           main] o.h.e.t.j.p.i.JtaPlatformInitiator       : HHH000489: No JTA platform available (set 'hibernate.transaction.jta.platform' to enable JTA platform integration)
Hibernate: create table users (id bigint generated by default as identity, email varchar(255), password varchar(255), role varchar(255), score integer not null, turns integer not null, username varchar(255), primary key (id))
Hibernate: create index idx_users_score on users (score)
Hibernate: create index idx_users_username on users (username)
Hibernate: alter table if exists users drop constraint if exists UKr43af9ap4edm43mmtq01oddj6
Hibernate: alter table if exists users add constraint UKr43af9ap4edm43mmtq01oddj6 unique (username)
2026-04-03T08:27:38.957+07:00  INFO 7920 --- [inmobi_test] [           main] j.LocalContainerEntityManagerFactoryBean : Initialized JPA EntityManagerFactory for persistence unit 'default'
2026-04-03T08:27:39.284+07:00  INFO 7920 --- [inmobi_test] [           main] o.s.d.j.r.query.QueryEnhancerFactories   : Hibernate is in classpath; If applicable, HQL parser will be used.
2026-04-03T08:27:43.861+07:00  WARN 7920 --- [inmobi_test] [           main] JpaBaseConfiguration$JpaWebConfiguration : spring.jpa.open-in-view is enabled by default. Therefore, database queries may be performed during view rendering. Explicitly configure spring.jpa.open-in-view to disable this warning
2026-04-03T08:27:44.439+07:00  INFO 7920 --- [inmobi_test] [           main] r$InitializeUserDetailsManagerConfigurer : Global AuthenticationManager configured with UserDetailsService bean with name userService
2026-04-03T08:27:46.429+07:00  INFO 7920 --- [inmobi_test] [           main] o.s.b.h.a.H2ConsoleAutoConfiguration     : H2 console available at '/h2-console'. Database available at 'jdbc:h2:mem:inmobi_test'
2026-04-03T08:27:47.220+07:00  INFO 7920 --- [inmobi_test] [           main] c.spring.InmobiTestApplicationTests      : Started InmobiTestApplicationTests in 20.013 seconds (process running for 33.607)
Hibernate: insert into users (email,password,role,score,turns,username,id) values (?,?,?,?,?,?,default)
]]></system-out>
  </testcase>
</testsuite>