<?xml version="1.0" encoding="UTF-8"?>
<testsuite xmlns:xsi="http://www.w3.org/2001/XMLSchema-instance" xsi:noNamespaceSchemaLocation="https://maven.apache.org/surefire/maven-surefire-plugin/xsd/surefire-test-report.xsd" version="3.0.2" name="cooccon.spring.security.SecurityConfigurationTest" time="3.18" tests="8" errors="0" skipped="0" failures="0">
  <properties>
[...]
</properties>
  <testcase name="testBCryptPasswordEncoderBean" classname="SecurityConfiguration Tests" time="0.008">
    <system-out><![CDATA[2026-04-03T08:27:52.898+07:00  INFO 7920 --- [inmobi_test] [           main] t.c.s.AnnotationConfigContextLoaderUtils : Could not detect default configuration classes for test class [cooccon.spring.security.SecurityConfigurationTest]: SecurityConfigurationTest does not declare any static, non-private, non-final, nested classes annotated with @Configuration.
2026-04-03T08:27:52.932+07:00  INFO 7920 --- [inmobi_test] [           main] .b.t.c.SpringBootTestContextBootstrapper : Found @SpringBootConfiguration cooccon.spring.InmobiTestApplication for test class cooccon.spring.security.SecurityConfigurationTest

  .   ____          _            __ _ _
 /\\ / ___'_ __ _ _(_)_ __  __ _ \ \ \ \
( ( )\___ | '_ | '_| | '_ \/ _` | \ \ \ \
 \\/  ___)| |_)| | | | | || (_| |  ) ) ) )
  '  |____| .__|_| |_|_| |_\__, | / / / /
 =========|_|==============|___/=/_/_/_/

 :: Spring Boot ::                (v4.0.0)

2026-04-03T08:27:53.004+07:00  INFO 7920 --- [inmobi_test] [           main] c.s.security.SecurityConfigurationTest   : Starting SecurityConfigurationTest using Java 21.0.8 with PID 7920 (started by ADMIN in D:\My_Project_Spring\inmobi_test)
2026-04-03T08:27:53.007+07:00  INFO 7920 --- [inmobi_test] [           main] c.s.security.SecurityConfigurationTest   : The following 1 profile is active: "test"
2026-04-03T08:27:53.697+07:00  INFO 7920 --- [inmobi_test] [           main] .s.d.r.c.RepositoryConfigurationDelegate : Multiple Spring Data modules found, entering strict repository configuration mode
2026-04-03T08:27:53.698+07:00  INFO 7920 --- [inmobi_test] [           main] .s.d.r.c.RepositoryConfigurationDelegate : Bootstrapping Spring Data JPA repositories in DEFAULT mode.
2026-04-03T08:27:53.754+07:00  INFO 7920 --- [inmobi_test] [           main] .s.d.r.c.RepositoryConfigurationDelegate : Finished Spring Data repository scanning in 39 ms. Found 1 JPA repository interface.
2026-04-03T08:27:53.787+07:00  INFO 7920 --- [inmobi_test] [           main] .s.d.r.c.RepositoryConfigurationDelegate : Multiple Spring Data modules found, entering strict repository configuration mode
2026-04-03T08:27:53.788+07:00  INFO 7920 --- [inmobi_test] [           main] .s.d.r.c.RepositoryConfigurationDelegate : Bootstrapping Spring Data Redis repositories in DEFAULT mode.
2026-04-03T08:27:53.801+07:00  INFO 7920 --- [inmobi_test] [           main] .RepositoryConfigurationExtensionSupport : Spring Data Redis - Could not safely identify store assignment for repository candidate interface cooccon.spring.repository.UserRepository; If you want this repository to be a Redis repository, consider annotating your entities with one of these annotations: org.springframework.data.redis.core.RedisHash (preferred), or consider extending one of the following types with your repository: org.springframework.data.keyvalue.repository.KeyValueRepository
2026-04-03T08:27:53.802+07:00  INFO 7920 --- [inmobi_test] [           main] .s.d.r.c.RepositoryConfigurationDelegate : Finished Spring Data repository scanning in 9 ms. Found 0 Redis repository interfaces.
2026-04-03T08:27:54.126+07:00  INFO 7920 --- [inmobi_test] [           main] o.hibernate.jpa.internal.util.LogHelper  : HHH000204: Processing PersistenceUnitInfo [name: default]
2026-04-03T08:27:54.202+07:00  INFO 7920 --- [inmobi_test] [           main] o.s.o.j.p.SpringPersistenceUnitInfo      : No LoadTimeWeaver setup: ignoring JPA class transformer
2026-04-03T08:27:54.205+07:00  INFO 7920 --- [inmobi_test] [           main] com.zaxxer.hikari.HikariDataSource       : HikariPool-2 - Starting...
2026-04-03T08:27:54.210+07:00  INFO 7920 --- [inmobi_test] [           main] com.zaxxer.hikari.pool.HikariPool        : HikariPool-2 - Added connection conn24: url=jdbc:h2:mem:testdb user=SA
2026-04-03T08:27:54.211+07:00  INFO 7920 --- [inmobi_test] [           main] com.zaxxer.hikari.HikariDataSource       : HikariPool-2 - Start completed.
2026-04-03T08:27:54.212+07:00  WARN 7920 --- [inmobi_test] [           main] org.hibernate.orm.deprecation            : HHH90000025: H2Dialect does not need to be specified explicitly using 'hibernate.dialect' (remove the property setting and it will be selected by default)
2026-04-03T08:27:54.216+07:00  INFO 7920 --- [inmobi_test] [           main] org.hibernate.orm.connections.pooling    : HHH10001005: Database info:
	Database JDBC URL [jdbc:h2:mem:testdb]
	Database driver: H2 JDBC Driver
	Database dialect: H2Dialect
	Database version: 2.4.240
	Default catalog/schema: TESTDB/PUBLIC
	Autocommit mode: undefined/unknown
	Isolation level: READ_COMMITTED [default READ_COMMITTED]
	JDBC fetch size: 100
	Pool: DatasourceConnectionProviderImpl
	Minimum pool size: undefined/unknown
	Maximum pool size: undefined/unknown
2026-04-03T08:27:54.281+07:00  INFO 7920 --- [inmobi_test] [           main] o.h.e.t.j.p.i.JtaPlatformInitiator       : HHH000489: No JTA platform available (set 'hibernate.transaction.jta.platform' to enable JTA platform integration)
Hibernate: create table users (id bigint generated by default as identity, email varchar(255), password varchar(255), role varchar(255), score integer not null, turns integer not null, username varchar(255), primary key (id))
Hibernate: create index idx_users_score on users (score)
Hibernate: create index idx_users_username on users (username)
Hibernate: alter table if exists users drop constraint if exists UKr43af9ap4edm43mmtq01oddj6
Hibernate: alter table if exists users add constraint UKr43af9ap4edm43mmtq01oddj6 unique (username)
2026-04-03T08:27:54.295+07:00  INFO 7920 --- [inmobi_test] [           main] j.LocalContainerEntityManagerFactoryBean : Initialized JPA EntityManagerFactory for persistence unit 'default'
2026-04-03T08:27:54.457+07:00  WARN 7920 --- [inmobi_test] [           main] JpaBaseConfiguration$JpaWebConfiguration : spring.jpa.open-in-view is enabled by default. Therefore, database queries may be performed during view rendering. Explicitly configure spring.jpa.open-in-view to disable this warning
2026-04-03T08:27:54.519+07:00  INFO 7920 --- [inmobi_test] [           main] r$InitializeUserDetailsManagerConfigurer : Global AuthenticationManager configured with UserDetailsService bean with name userService
2026-04-03T08:27:54.827+07:00  INFO 7920 --- [inmobi_test] [           main] o.s.b.h.a.H2ConsoleAutoConfiguration     : H2 console available at '/h2-console'. Database available at 'jdbc:h2:mem:testdb'
2026-04-03T08:27:55.224+07:00  INFO 7920 --- [inmobi_test] [           main] o.s.b.t.m.w.SpringBootMockServletContext : Initializing Spring TestDispatcherServlet ''
2026-04-03T08:27:55.224+07:00  INFO 7920 --- [inmobi_test] [           main] o.s.t.web.servlet.TestDispatcherServlet  : Initializing Servlet ''
2026-04-03T08:27:55.227+07:00  INFO 7920 --- [inmobi_test] [           main] o.s.t.web.servlet.TestDispatcherServlet  : Completed initialization in 3 ms
2026-04-03T08:27:55.251+07:00  INFO 7920 --- [inmobi_test] [           main] c.s.security.SecurityConfigurationTest   : Started SecurityConfigurationTest in 2.31 seconds (process running for 41.638)
Hibernate: insert into users (email,password,role,score,turns,username,id) values (?,?,?,?,?,?,default)
]]></system-out>
  </testcase>
  <testcase name="testAuthenticationManagerBean" classname="SecurityConfiguration Tests" time="0.008"/>
  <testcase name="testRedisTemplateConfiguration" classname="SecurityConfiguration Tests" time="0.008"/>
  <testcase name="testBCryptPasswordEncoding_DifferentEachTime" classname="SecurityConfiguration Tests" time="0.359"/>
  <testcase name="testRedisTemplateBean" classname="SecurityConfiguration Tests" time="0.004"/>
  <testcase name="testBCryptPasswordEncoding" classname="SecurityConfiguration Tests" time="0.27"/>
  <testcase name="testSecurityFilterChainBean" classname="SecurityConfiguration Tests" time="0.007"/>
  <testcase name="testSecurityConstants" classname="SecurityConfiguration Tests" time="0.005"/>
</testsuite>